TN:
SF:F:\opt\projs\ionic\noted\app\app.ts
FN:3,(anonymous_1)
FN:10,(anonymous_2)
FN:17,(anonymous_3)
FN:18,NotedApp
FN:21,(anonymous_5)
FN:29,(anonymous_6)
FN:31,(anonymous_7)
FN:33,(anonymous_8)
FNF:8
FNH:7
FNDA:1,(anonymous_1)
FNDA:1,(anonymous_2)
FNDA:1,(anonymous_3)
FNDA:3,NotedApp
FNDA:3,(anonymous_5)
FNDA:3,(anonymous_6)
FNDA:2,(anonymous_7)
FNDA:0,(anonymous_8)
DA:0,1
DA:1,1
DA:2,1
DA:3,1
DA:4,1
DA:7,1
DA:12,3
DA:13,3
DA:16,1
DA:17,3
DA:20,3
DA:21,3
DA:22,3
DA:26,1
DA:28,3
DA:29,2
DA:31,0
DA:34,1
LF:18
LH:17
BRDA:3,1,0,1
BRDA:3,1,1,1
BRDA:3,1,2,1
BRDA:5,2,0,1
BRDA:5,2,1,0
BRDA:5,3,0,0
BRDA:5,3,1,0
BRDA:7,4,0,1
BRDA:7,4,1,0
BRDA:7,5,0,1
BRDA:7,5,1,1
BRDA:7,6,0,0
BRDA:7,6,1,0
BRDA:7,7,0,0
BRDA:7,7,1,0
BRDA:7,8,0,0
BRDA:7,8,1,0
BRDA:7,9,0,0
BRDA:7,9,1,0
BRDA:8,10,0,1
BRDA:8,10,1,0
BRDA:8,10,2,0
BRDA:10,11,0,1
BRDA:10,11,1,1
BRDA:10,11,2,1
BRDA:11,12,0,1
BRDA:11,12,1,0
BRDA:11,13,0,1
BRDA:11,13,1,1
BRF:29
BRH:29
end_of_record
TN:
SF:F:\opt\projs\ionic\noted\app\pages\notes\notes.ts
FN:3,(anonymous_1)
FN:10,(anonymous_2)
FN:17,(anonymous_3)
FN:18,Notes
FN:24,(anonymous_5)
FN:28,(anonymous_6)
FN:30,(anonymous_7)
FN:34,(anonymous_8)
FN:39,(anonymous_9)
FN:46,(anonymous_10)
FN:51,(anonymous_11)
FNF:11
FNH:6
FNDA:1,(anonymous_1)
FNDA:1,(anonymous_2)
FNDA:1,(anonymous_3)
FNDA:2,Notes
FNDA:0,(anonymous_5)
FNDA:2,(anonymous_6)
FNDA:1,(anonymous_7)
FNDA:0,(anonymous_8)
FNDA:0,(anonymous_9)
FNDA:0,(anonymous_10)
FNDA:0,(anonymous_11)
DA:0,1
DA:1,1
DA:2,1
DA:3,1
DA:4,1
DA:6,1
DA:9,2
DA:12,2
DA:13,2
DA:14,2
DA:16,2
DA:18,2
DA:19,0
DA:25,2
DA:26,2
DA:27,1
DA:32,1
DA:33,0
DA:34,0
DA:35,0
DA:37,0
DA:41,1
DA:42,0
DA:48,0
DA:54,0
DA:55,0
DA:59,0
DA:61,1
LF:28
LH:18
BRDA:3,1,0,1
BRDA:3,1,1,1
BRDA:3,1,2,1
BRDA:5,2,0,1
BRDA:5,2,1,0
BRDA:5,3,0,0
BRDA:5,3,1,0
BRDA:7,4,0,1
BRDA:7,4,1,0
BRDA:7,5,0,1
BRDA:7,5,1,1
BRDA:7,6,0,0
BRDA:7,6,1,0
BRDA:7,7,0,0
BRDA:7,7,1,0
BRDA:7,8,0,0
BRDA:7,8,1,0
BRDA:7,9,0,0
BRDA:7,9,1,0
BRDA:8,10,0,1
BRDA:8,10,1,0
BRDA:8,10,2,0
BRDA:10,11,0,1
BRDA:10,11,1,1
BRDA:10,11,2,1
BRDA:11,12,0,1
BRDA:11,12,1,0
BRDA:11,13,0,1
BRDA:11,13,1,1
BRDA:36,14,0,0
BRDA:36,14,1,0
BRDA:36,15,0,0
BRDA:36,15,1,0
BRF:33
BRH:29
end_of_record
TN:
SF:F:\opt\projs\ionic\noted\app\pages\edit\edit.ts
FN:3,(anonymous_1)
FN:10,(anonymous_2)
FN:17,(anonymous_3)
FN:18,EditPage
FN:33,(anonymous_5)
FNF:5
FNH:3
FNDA:1,(anonymous_1)
FNDA:1,(anonymous_2)
FNDA:1,(anonymous_3)
FNDA:0,EditPage
FNDA:0,(anonymous_5)
DA:0,1
DA:1,1
DA:2,1
DA:3,1
DA:4,1
DA:6,1
DA:9,1
DA:13,1
DA:14,0
DA:15,0
DA:16,0
DA:18,0
DA:20,0
DA:22,0
DA:23,0
DA:26,0
DA:32,1
DA:33,0
DA:34,0
DA:35,0
DA:39,1
LF:21
LH:10
BRDA:3,1,0,1
BRDA:3,1,1,1
BRDA:3,1,2,1
BRDA:5,2,0,1
BRDA:5,2,1,0
BRDA:5,3,0,0
BRDA:5,3,1,0
BRDA:7,4,0,1
BRDA:7,4,1,0
BRDA:7,5,0,1
BRDA:7,5,1,1
BRDA:7,6,0,0
BRDA:7,6,1,0
BRDA:7,7,0,0
BRDA:7,7,1,0
BRDA:7,8,0,0
BRDA:7,8,1,0
BRDA:7,9,0,0
BRDA:7,9,1,0
BRDA:8,10,0,1
BRDA:8,10,1,0
BRDA:8,10,2,0
BRDA:10,11,0,1
BRDA:10,11,1,1
BRDA:10,11,2,1
BRDA:11,12,0,1
BRDA:11,12,1,0
BRDA:11,13,0,1
BRDA:11,13,1,1
BRDA:25,14,0,0
BRDA:25,14,1,0
BRDA:25,15,0,0
BRDA:25,15,1,0
BRF:33
BRH:29
end_of_record
TN:
SF:F:\opt\projs\ionic\noted\app\services\note-service\note-service.ts
FN:3,(anonymous_1)
FN:10,(anonymous_2)
FN:16,(anonymous_3)
FN:17,NoteService
FN:20,(anonymous_5)
FN:22,(anonymous_6)
FN:36,(anonymous_7)
FN:40,(anonymous_8)
FN:42,(anonymous_9)
FN:44,(anonymous_10)
FN:49,(anonymous_11)
FN:51,(anonymous_12)
FN:57,(anonymous_13)
FN:59,(anonymous_14)
FN:61,(anonymous_15)
FNF:15
FNH:5
FNDA:1,(anonymous_1)
FNDA:1,(anonymous_2)
FNDA:1,(anonymous_3)
FNDA:1,NoteService
FNDA:1,(anonymous_5)
FNDA:0,(anonymous_6)
FNDA:0,(anonymous_7)
FNDA:0,(anonymous_8)
FNDA:0,(anonymous_9)
FNDA:0,(anonymous_10)
FNDA:0,(anonymous_11)
FNDA:0,(anonymous_12)
FNDA:0,(anonymous_13)
FNDA:0,(anonymous_14)
FNDA:0,(anonymous_15)
DA:0,1
DA:1,1
DA:2,1
DA:3,1
DA:6,1
DA:7,1
DA:10,1
DA:11,1
DA:15,1
DA:17,1
DA:18,0
DA:19,0
DA:20,0
DA:21,0
DA:22,0
DA:23,0
DA:24,0
DA:25,0
DA:26,0
DA:27,0
DA:29,0
DA:30,0
DA:33,0
DA:35,0
DA:40,1
DA:41,0
DA:42,0
DA:43,0
DA:46,0
DA:50,0
DA:51,0
DA:54,0
DA:60,1
DA:61,0
DA:62,0
DA:63,0
DA:66,0
DA:70,1
LF:38
LH:13
BRDA:3,1,0,1
BRDA:3,1,1,1
BRDA:3,1,2,1
BRDA:5,2,0,1
BRDA:5,2,1,0
BRDA:5,3,0,0
BRDA:5,3,1,0
BRDA:7,4,0,1
BRDA:7,4,1,0
BRDA:7,5,0,1
BRDA:7,5,1,1
BRDA:7,6,0,0
BRDA:7,6,1,0
BRDA:7,7,0,0
BRDA:7,7,1,0
BRDA:7,8,0,0
BRDA:7,8,1,0
BRDA:7,9,0,0
BRDA:7,9,1,0
BRDA:8,10,0,1
BRDA:8,10,1,0
BRDA:8,10,2,0
BRDA:10,11,0,1
BRDA:10,11,1,1
BRDA:10,11,2,1
BRDA:11,12,0,1
BRDA:11,12,1,0
BRDA:11,13,0,1
BRDA:11,13,1,1
BRDA:24,14,0,0
BRDA:24,14,1,0
BRDA:31,15,0,0
BRDA:31,15,1,0
BRDA:41,16,0,0
BRDA:41,16,1,0
BRDA:58,17,0,0
BRDA:58,17,1,0
BRF:37
BRH:29
end_of_record
TN:
SF:F:\opt\projs\ionic\noted\app\models\note.ts
FN:3,(anonymous_1)
FN:4,Note
FNF:2
FNH:1
FNDA:1,(anonymous_1)
FNDA:0,Note
DA:1,1
DA:9,1
LF:2
LH:2
BRF:0
BRH:0
end_of_record
TN:
SF:F:\opt\projs\ionic\noted\app\services\utils.ts
FN:3,(anonymous_1)
FN:4,Utils
FN:5,(anonymous_3)
FN:8,(anonymous_4)
FN:15,(anonymous_5)
FNF:5
FNH:1
FNDA:1,(anonymous_1)
FNDA:0,Utils
FNDA:0,(anonymous_3)
FNDA:0,(anonymous_4)
FNDA:0,(anonymous_5)
DA:5,1
DA:7,1
DA:8,0
DA:10,0
DA:16,1
DA:17,0
DA:18,0
DA:19,0
DA:20,0
DA:21,0
DA:23,0
DA:25,1
LF:12
LH:4
BRF:0
BRH:0
end_of_record
